# JRE version: OpenJDK Runtime Environment Zulu11.60+19-CA (11.0.17+8) (build 11.0.17+8-LTS)
# Java VM: OpenJDK 64-Bit Server VM Zulu11.60+19-CA (11.0.17+8-LTS, mixed mode, tiered, compressed oops, g1 gc, windows-amd64)
Heap:
 garbage-first heap   total 186368K, used 48591K [0x00000000e0000000, 0x0000000100000000)
  region size 1024K, 40 young (40960K), 4 survivors (4096K)
 Metaspace       used 31310K, capacity 32365K, committed 32512K, reserved 1077248K
  class space    used 3877K, capacity 4270K, committed 4352K, reserved 1048576K
GC Heap History (8 events):
Event: 1.316 GC heap before
{Heap before GC invocations=0 (full 0):
 garbage-first heap   total 186368K, used 22528K [0x00000000e0000000, 0x0000000100000000)
  region size 1024K, 22 young (22528K), 0 survivors (0K)
 Metaspace       used 13066K, capacity 13334K, committed 13568K, reserved 1060864K
  class space    used 1357K, capacity 1451K, committed 1536K, reserved 1048576K
}
Event: 1.322 GC heap after
{Heap after GC invocations=1 (full 0):
 garbage-first heap   total 186368K, used 9244K [0x00000000e0000000, 0x0000000100000000)
  region size 1024K, 3 young (3072K), 3 survivors (3072K)
 Metaspace       used 13066K, capacity 13334K, committed 13568K, reserved 1060864K
  class space    used 1357K, capacity 1451K, committed 1536K, reserved 1048576K
}
Event: 1.634 GC heap before
{Heap before GC invocations=1 (full 0):
 garbage-first heap   total 186368K, used 26652K [0x00000000e0000000, 0x0000000100000000)
  region size 1024K, 20 young (20480K), 3 survivors (3072K)
 Metaspace       used 15532K, capacity 16141K, committed 16256K, reserved 1062912K
  class space    used 1716K, capacity 1901K, committed 1920K, reserved 1048576K
}
Event: 1.637 GC heap after
{Heap after GC invocations=2 (full 0):
 garbage-first heap   total 186368K, used 10052K [0x00000000e0000000, 0x0000000100000000)
  region size 1024K, 1 young (1024K), 1 survivors (1024K)
 Metaspace       used 15532K, capacity 16141K, committed 16256K, reserved 1062912K
  class space    used 1716K, capacity 1901K, committed 1920K, reserved 1048576K
}
Event: 2.172 GC heap before
{Heap before GC invocations=2 (full 0):
 garbage-first heap   total 186368K, used 39748K [0x00000000e0000000, 0x0000000100000000)
  region size 1024K, 31 young (31744K), 1 survivors (1024K)
 Metaspace       used 20517K, capacity 21218K, committed 21248K, reserved 1069056K
  class space    used 2299K, capacity 2553K, committed 2560K, reserved 1048576K
}
Event: 2.175 GC heap after
{Heap after GC invocations=3 (full 0):
 garbage-first heap   total 186368K, used 11004K [0x00000000e0000000, 0x0000000100000000)
  region size 1024K, 2 young (2048K), 2 survivors (2048K)
 Metaspace       used 20517K, capacity 21218K, committed 21248K, reserved 1069056K
  class space    used 2299K, capacity 2553K, committed 2560K, reserved 1048576K
}
Event: 2.916 GC heap before
{Heap before GC invocations=4 (full 0):
 garbage-first heap   total 186368K, used 60156K [0x00000000e0000000, 0x0000000100000000)
  region size 1024K, 50 young (51200K), 2 survivors (2048K)
 Metaspace       used 27823K, capacity 28761K, committed 28800K, reserved 1075200K
  class space    used 3346K, capacity 3709K, committed 3712K, reserved 1048576K
}
Event: 2.920 GC heap after
{Heap after GC invocations=5 (full 0):
 garbage-first heap   total 186368K, used 12751K [0x00000000e0000000, 0x0000000100000000)
  region size 1024K, 4 young (4096K), 4 survivors (4096K)
 Metaspace       used 27823K, capacity 28761K, committed 28800K, reserved 1075200K
  class space    used 3346K, capacity 3709K, committed 3712K, reserved 1048576K
}

